
ROM used:   7437/8192 (91%)
            7613/8192 (93%) including unused fragments

            2.0 Average locations per line
            6.7 Average locations per statement

RAM used:   151/368 (41%) at main() level
            280/368 (76%) worst case

Stack used: 7 worst case (7 in main + 0 for interrupts)
Stack size: 8

Lines Stmts  %   Files
----- ----- ---  -----
  835   637  58  menu.c
   10     0   0  main.h
  810     0   0  ..\..\..\..\..\..\Program Files (x86)\PICC\Devices\16F887.h
  128    51   5  I2C_LCD.c
   37     0   0  ..\..\..\..\..\..\Program Files (x86)\PICC\Drivers\stdio.h
  435     0   0  ..\..\..\..\..\..\Program Files (x86)\PICC\Drivers\string.h
   32     0   0  ..\..\..\..\..\..\Program Files (x86)\PICC\Drivers\stddef.h
   28     0   0  ..\..\..\..\..\..\Program Files (x86)\PICC\Drivers\ctype.h
 1354   359  32  ..\..\..\..\..\..\Program Files (x86)\PICC\Drivers\stdlib.h
   58    41   4  dht11.h
   46    19   2  BH1750.c
   23     0   0  BH1750.h
----- -----
 3796  1107 Total

Page ROM  %  RAM    Vol Diff  Functions:
---- --- --- ---    --- ----  ----------
0     20   0    1             @delay_ms1
0     18   0    1             @I2C_WRITEU_129
0     31   0    2    153  2.7  LCD_Write_Nibble
0     20   0    2    104  2.6  LCD_Cmd
1     57   1    3    323  5.5  LCD_Goto
0     20   0    2    104  2.6  LCD_Out
0     96   1    1    502  2.9  LCD_Begin
0     25   0    2    117  2.3  Expander_Write
 Inline         1    175  2.3  lcd_putc
 Inline         5    129  4.6  strlen
2     39   1    2             @MUL88
0    121   2   13             @MULFF
0     33   0    2             @ITOF
1    328   4   16             @ADDFF
1    207   3   14             @DIVFF
0     35   0    0    106  1.3  start_signal
0     32   0    0    127  2.5  check_response
0    112   2    4    733  6.2  Read_Data
0     18   0    1             @I2C_WRITEU_131
0     16   0    1             @I2C_READU_131
0     12   0    0     32  1.0  BH1750_init
0     19   0    1     72  1.2  BH1750_write
 Inline         4    272  3.1  BH1750_read_word
0     84   1    6    190  3.1  get_lux_value
0    142   2    1    223  1.8  ESP8266_init
0      3   0    0             @const1054
0     17   0    1             @SPRINTF
0     82   1    4             @PSTRINGC7_9600_62_63
0      4   0    0             @const1059
0      7   0    0             @const1060
0     11   0    0             @const1061
0     86   1    5             @PSTRINGCN7_9600_62_63
0     30   0    2             @PSTRINGR_9600_62_63
0      7   0    0             @const1065
0    426   6  119    356  2.8  ConnectWithWebServer
0     43   1    0             @const1069
0     88   1    5             @PSTRINGCN7_1055
0     25   0    3             @DIV88
0    111   1    6             @PRINTF_D_1055
 Inline        13             @PRINTF_LU_1055
0     14   0    0             @const1080
0      8   0    0             @const1081
 Inline         6             @PRINTF_D_9600_62_63
0      7   0    0             @const1085
2    235   3    1   2041  6.3  ds1307_display
2     31   0    2             @PSTRINGR_723
0      4   0    0             @const1112
1    120   2    4             @PSTRINGC7_723
0      4   0    0             @const1114
0      4   0    0             @const1115
0      4   0    0             @const1116
0      4   0    0             @const1117
0      4   0    0             @const1118
0      4   0    0             @const1119
2     11   0    0             @goto44708
 Inline         1    721  4.3  alarm_display
2     30   0    2    104  1.7  ds1307_write
2     86   1    0    336  1.9  ds1307_read
 Inline         3    470  4.7  alarm_check
2    323   4    3   2576  7.9  edit
1     77   1    2             @PRINTF_U_723
0      2   0    0             @const1135
0     19   0    0     17  0.8  xoa_LCD
1    168   2    0    740  1.9  xoa_pos_LCD
0      1   0    0             @const1144
0      1   0    0             @const1145
0      1   0    0             @const1146
0      1   0    0             @const1147
0      1   0    0             @const1148
0      1   0    0             @const1149
0      1   0    0             @const1150
0      1   0    0             @const1151
0      1   0    0             @const1152
0      1   0    0             @const1153
0      1   0    0             @const1154
0      1   0    0             @const1155
1     49   1    3    323  4.8  phim_ONOFF
1     38   1    3    292  5.0  phim_LEFT
1     41   1    3    292  5.0  phim_RIGHT
1     38   1    3    292  5.0  phim_UP
2     53   1    3    383  5.5  phim_DW
1    158   2    3   1821  6.0  phim_GO
1    108   1    3   1016  5.5  phim_BACK
2    352   5    3   1719  6.3  pos_xy_current
0      1   0    0             @const1181
0      1   0    0             @const1182
0      1   0    0             @const1183
0      1   0    0             @const1184
0      1   0    0             @const1185
0      1   0    0             @const1186
0      1   0    0             @const1187
0      1   0    0             @const1188
0      1   0    0             @const1189
0      1   0    0             @const1190
0      1   0    0             @const1191
0      1   0    0             @const1192
2     66   1    0    143  1.7  mode_ON
0      2   0    0             @const1194
0      3   0    0             @const1195
0      3   0    0             @const1196
 Inline         0    740  1.9  pos_relay_2
0      3   0    0             @const1198
0      2   0    0             @const1199
0      2   0    0             @const1200
0      3   0    0             @const1201
0      2   0    0             @const1202
0      2   0    0             @const1203
0      2   0    0             @const1204
0      2   0    0             @const1205
0      2   0    0             @const1206
0      2   0    0             @const1207
0      2   0    0             @const1208
0      2   0    0             @const1209
 Inline         0     90  1.5  pos_auto_2
0      3   0    0             @const1211
0      4   0    0             @const1212
 Inline         0     62  1.1  pos_tmr_2
2     38   1    4    280  6.0  choice_mode
2    629   8    2    457  5.1  pos_current
1    403   5    4    869  3.8  mode_OFF
0      5   0    0             @const1223
0      6   0    0             @const1224
0      5   0    0             @const1225
0      5   0    0             @const1226
1    126   2    5             @PSTRINGCN7_723
0      6   0    0             @const1229
0      4   0    0             @const1230
0      5   0    0             @const1231
 Inline         9             @PRINTF_LU_723
1    115   2    6             @PRINTF_D_723
3   1447  19    4   7867 12.4  MAIN
0     35   0    4             @SFTOI
0      2   0    0             @const1243
0      2   0    0             @const1244
0      2   0    0             @const1245
0      2   0    0             @const1246
0      2   0    0             @const1247
0      2   0    0             @const1248
0      2   0    0             @const1249
3     11   0    0             @goto45645
0      2   0    0             @const1251
0      2   0    0             @const1252
0      2   0    0             @const1253
0      2   0    0             @const1254
0      2   0    0             @const1255
0      2   0    0             @const1256
0      2   0    0             @const1257
0      2   0    0             @const1258
3     11   0    0             @goto45695
 Inline         0             @cinit1

Program metrics:
    Functions               41
    Statements              1107
    Comments                811
    Volume (V)              46409
    Difficulty (D)          150.4
    Effort to implement (E) 6978167
    Time to implement (T)   107 hours, 41 minutes
    Est Delivered Bugs (B)  12
    Cyclomatic Complexity   126
    Maintainability (MI)    109

 Segment     Used  Free
-----------  ----  ----
00000-00003     4  0  
00004-007FF  2038  6  
00800-00FFF  2033  15  
01000-017FF  1893  155  
01800-01FFF  1469  579  



